{"/Users/AlexH/Programming/Scholar Bowl/server/client.js": {"path":"/Users/AlexH/Programming/Scholar Bowl/server/client.js","statementMap":{"0":{"start":{"line":2,"column":0},"end":{"line":2,"column":62}},"1":{"start":{"line":3,"column":28},"end":{"line":42,"column":3}},"2":{"start":{"line":5,"column":8},"end":{"line":5,"column":25}},"3":{"start":{"line":6,"column":8},"end":{"line":6,"column":28}},"4":{"start":{"line":7,"column":8},"end":{"line":7,"column":23}},"5":{"start":{"line":8,"column":8},"end":{"line":8,"column":27}},"6":{"start":{"line":9,"column":8},"end":{"line":9,"column":23}},"7":{"start":{"line":11,"column":4},"end":{"line":14,"column":6}},"8":{"start":{"line":13,"column":8},"end":{"line":13,"column":79}},"9":{"start":{"line":15,"column":4},"end":{"line":33,"column":7}},"10":{"start":{"line":18,"column":12},"end":{"line":20,"column":13}},"11":{"start":{"line":19,"column":16},"end":{"line":19,"column":100}},"12":{"start":{"line":21,"column":12},"end":{"line":21,"column":90}},"13":{"start":{"line":24,"column":12},"end":{"line":29,"column":13}},"14":{"start":{"line":25,"column":16},"end":{"line":25,"column":59}},"15":{"start":{"line":28,"column":16},"end":{"line":28,"column":53}},"16":{"start":{"line":34,"column":4},"end":{"line":39,"column":6}},"17":{"start":{"line":35,"column":8},"end":{"line":38,"column":9}},"18":{"start":{"line":35,"column":22},"end":{"line":35,"column":23}},"19":{"start":{"line":35,"column":30},"end":{"line":35,"column":56}},"20":{"start":{"line":36,"column":22},"end":{"line":36,"column":28}},"21":{"start":{"line":37,"column":12},"end":{"line":37,"column":35}},"22":{"start":{"line":40,"column":4},"end":{"line":40,"column":23}},"23":{"start":{"line":41,"column":4},"end":{"line":41,"column":18}},"24":{"start":{"line":43,"column":0},"end":{"line":43,"column":25}}},"fnMap":{"0":{"name":"(anonymous_0)","decl":{"start":{"line":3,"column":28},"end":{"line":3,"column":29}},"loc":{"start":{"line":3,"column":40},"end":{"line":42,"column":1}},"line":3},"1":{"name":"Client","decl":{"start":{"line":4,"column":13},"end":{"line":4,"column":19}},"loc":{"start":{"line":4,"column":22},"end":{"line":10,"column":5}},"line":4},"2":{"name":"(anonymous_2)","decl":{"start":{"line":11,"column":35},"end":{"line":11,"column":36}},"loc":{"start":{"line":11,"column":54},"end":{"line":14,"column":5}},"line":11},"3":{"name":"(anonymous_3)","decl":{"start":{"line":16,"column":13},"end":{"line":16,"column":14}},"loc":{"start":{"line":16,"column":25},"end":{"line":22,"column":9}},"line":16},"4":{"name":"(anonymous_4)","decl":{"start":{"line":23,"column":13},"end":{"line":23,"column":14}},"loc":{"start":{"line":23,"column":30},"end":{"line":30,"column":9}},"line":23},"5":{"name":"(anonymous_5)","decl":{"start":{"line":34,"column":25},"end":{"line":34,"column":26}},"loc":{"start":{"line":34,"column":37},"end":{"line":39,"column":5}},"line":34}},"branchMap":{"0":{"loc":{"start":{"line":13,"column":8},"end":{"line":13,"column":78}},"type":"cond-expr","locations":[{"start":{"line":13,"column":53},"end":{"line":13,"column":59}},{"start":{"line":13,"column":62},"end":{"line":13,"column":78}}],"line":13},"1":{"loc":{"start":{"line":13,"column":8},"end":{"line":13,"column":50}},"type":"binary-expr","locations":[{"start":{"line":13,"column":8},"end":{"line":13,"column":33}},{"start":{"line":13,"column":37},"end":{"line":13,"column":50}}],"line":13},"2":{"loc":{"start":{"line":18,"column":12},"end":{"line":20,"column":13}},"type":"if","locations":[{"start":{"line":18,"column":12},"end":{"line":20,"column":13}},{"start":{"line":18,"column":12},"end":{"line":20,"column":13}}],"line":18},"3":{"loc":{"start":{"line":19,"column":23},"end":{"line":19,"column":99}},"type":"cond-expr","locations":[{"start":{"line":19,"column":93},"end":{"line":19,"column":95}},{"start":{"line":19,"column":98},"end":{"line":19,"column":99}}],"line":19},"4":{"loc":{"start":{"line":19,"column":23},"end":{"line":19,"column":90}},"type":"binary-expr","locations":[{"start":{"line":19,"column":23},"end":{"line":19,"column":73}},{"start":{"line":19,"column":77},"end":{"line":19,"column":90}}],"line":19},"5":{"loc":{"start":{"line":21,"column":19},"end":{"line":21,"column":89}},"type":"cond-expr","locations":[{"start":{"line":21,"column":83},"end":{"line":21,"column":85}},{"start":{"line":21,"column":88},"end":{"line":21,"column":89}}],"line":21},"6":{"loc":{"start":{"line":21,"column":19},"end":{"line":21,"column":80}},"type":"binary-expr","locations":[{"start":{"line":21,"column":19},"end":{"line":21,"column":63}},{"start":{"line":21,"column":67},"end":{"line":21,"column":80}}],"line":21},"7":{"loc":{"start":{"line":24,"column":12},"end":{"line":29,"column":13}},"type":"if","locations":[{"start":{"line":24,"column":12},"end":{"line":29,"column":13}},{"start":{"line":24,"column":12},"end":{"line":29,"column":13}}],"line":24}},"s":{"0":4,"1":4,"2":20,"3":20,"4":20,"5":20,"6":20,"7":4,"8":1,"9":4,"10":38,"11":20,"12":18,"13":13,"14":6,"15":7,"16":4,"17":8,"18":8,"19":8,"20":23,"21":23,"22":4,"23":4,"24":4},"f":{"0":4,"1":20,"2":1,"3":38,"4":13,"5":8},"b":{"0":[0,1],"1":[1,1],"2":[20,18],"3":[18,2],"4":[20,20],"5":[15,3],"6":[18,18],"7":[6,7]},"inputSourceMap":null,"_coverageSchema":"1a1c01bbd47fc00a2c39e90264f33305004495a9","hash":"dea5b5e85dbaf49a7625065ef400afd628b1d918"}
,"/Users/AlexH/Programming/Scholar Bowl/server/index.js": {"path":"/Users/AlexH/Programming/Scholar Bowl/server/index.js","statementMap":{"0":{"start":{"line":2,"column":16},"end":{"line":14,"column":4}},"1":{"start":{"line":3,"column":24},"end":{"line":8,"column":5}},"2":{"start":{"line":4,"column":8},"end":{"line":6,"column":87}},"3":{"start":{"line":5,"column":69},"end":{"line":5,"column":85}},"4":{"start":{"line":6,"column":30},"end":{"line":6,"column":84}},"5":{"start":{"line":6,"column":47},"end":{"line":6,"column":84}},"6":{"start":{"line":6,"column":72},"end":{"line":6,"column":84}},"7":{"start":{"line":7,"column":8},"end":{"line":7,"column":35}},"8":{"start":{"line":9,"column":4},"end":{"line":13,"column":6}},"9":{"start":{"line":10,"column":8},"end":{"line":10,"column":28}},"10":{"start":{"line":11,"column":24},"end":{"line":11,"column":45}},"11":{"start":{"line":12,"column":8},"end":{"line":12,"column":93}},"12":{"start":{"line":15,"column":22},"end":{"line":17,"column":1}},"13":{"start":{"line":16,"column":4},"end":{"line":16,"column":62}},"14":{"start":{"line":18,"column":0},"end":{"line":18,"column":62}},"15":{"start":{"line":19,"column":15},"end":{"line":19,"column":51}},"16":{"start":{"line":20,"column":15},"end":{"line":20,"column":51}},"17":{"start":{"line":21,"column":14},"end":{"line":21,"column":32}},"18":{"start":{"line":25,"column":34},"end":{"line":250,"column":19}},"19":{"start":{"line":26,"column":4},"end":{"line":26,"column":36}},"20":{"start":{"line":29,"column":20},"end":{"line":29,"column":45}},"21":{"start":{"line":30,"column":8},"end":{"line":30,"column":34}},"22":{"start":{"line":31,"column":8},"end":{"line":31,"column":30}},"23":{"start":{"line":32,"column":8},"end":{"line":32,"column":27}},"24":{"start":{"line":33,"column":8},"end":{"line":33,"column":21}},"25":{"start":{"line":39,"column":4},"end":{"line":41,"column":6}},"26":{"start":{"line":40,"column":8},"end":{"line":40,"column":45}},"27":{"start":{"line":45,"column":4},"end":{"line":49,"column":6}},"28":{"start":{"line":46,"column":8},"end":{"line":46,"column":38}},"29":{"start":{"line":47,"column":8},"end":{"line":47,"column":141}},"30":{"start":{"line":47,"column":66},"end":{"line":47,"column":137}},"31":{"start":{"line":48,"column":8},"end":{"line":48,"column":28}},"32":{"start":{"line":55,"column":4},"end":{"line":57,"column":6}},"33":{"start":{"line":56,"column":8},"end":{"line":56,"column":68}},"34":{"start":{"line":56,"column":48},"end":{"line":56,"column":64}},"35":{"start":{"line":63,"column":4},"end":{"line":95,"column":6}},"36":{"start":{"line":64,"column":20},"end":{"line":64,"column":24}},"37":{"start":{"line":65,"column":8},"end":{"line":65,"column":46}},"38":{"start":{"line":66,"column":21},"end":{"line":66,"column":55}},"39":{"start":{"line":67,"column":18},"end":{"line":67,"column":34}},"40":{"start":{"line":68,"column":8},"end":{"line":71,"column":9}},"41":{"start":{"line":69,"column":12},"end":{"line":69,"column":46}},"42":{"start":{"line":70,"column":12},"end":{"line":70,"column":19}},"43":{"start":{"line":72,"column":8},"end":{"line":75,"column":9}},"44":{"start":{"line":73,"column":12},"end":{"line":73,"column":62}},"45":{"start":{"line":74,"column":12},"end":{"line":74,"column":19}},"46":{"start":{"line":76,"column":19},"end":{"line":76,"column":34}},"47":{"start":{"line":77,"column":22},"end":{"line":77,"column":34}},"48":{"start":{"line":78,"column":22},"end":{"line":88,"column":9}},"49":{"start":{"line":79,"column":50},"end":{"line":79,"column":97}},"50":{"start":{"line":80,"column":42},"end":{"line":80,"column":74}},"51":{"start":{"line":81,"column":42},"end":{"line":81,"column":74}},"52":{"start":{"line":82,"column":42},"end":{"line":82,"column":74}},"53":{"start":{"line":83,"column":36},"end":{"line":83,"column":62}},"54":{"start":{"line":84,"column":35},"end":{"line":84,"column":67}},"55":{"start":{"line":85,"column":44},"end":{"line":85,"column":71}},"56":{"start":{"line":86,"column":33},"end":{"line":86,"column":56}},"57":{"start":{"line":87,"column":37},"end":{"line":87,"column":71}},"58":{"start":{"line":89,"column":8},"end":{"line":94,"column":9}},"59":{"start":{"line":90,"column":12},"end":{"line":90,"column":49}},"60":{"start":{"line":93,"column":12},"end":{"line":93,"column":66}},"61":{"start":{"line":96,"column":4},"end":{"line":107,"column":6}},"62":{"start":{"line":97,"column":8},"end":{"line":106,"column":9}},"63":{"start":{"line":97,"column":22},"end":{"line":97,"column":23}},"64":{"start":{"line":97,"column":30},"end":{"line":97,"column":51}},"65":{"start":{"line":98,"column":23},"end":{"line":98,"column":29}},"66":{"start":{"line":99,"column":25},"end":{"line":99,"column":58}},"67":{"start":{"line":100,"column":12},"end":{"line":101,"column":25}},"68":{"start":{"line":101,"column":16},"end":{"line":101,"column":25}},"69":{"start":{"line":102,"column":12},"end":{"line":102,"column":36}},"70":{"start":{"line":103,"column":12},"end":{"line":105,"column":28}},"71":{"start":{"line":112,"column":4},"end":{"line":116,"column":6}},"72":{"start":{"line":113,"column":8},"end":{"line":113,"column":44}},"73":{"start":{"line":114,"column":8},"end":{"line":114,"column":33}},"74":{"start":{"line":115,"column":8},"end":{"line":115,"column":41}},"75":{"start":{"line":122,"column":4},"end":{"line":130,"column":6}},"76":{"start":{"line":124,"column":22},"end":{"line":124,"column":44}},"77":{"start":{"line":125,"column":19},"end":{"line":125,"column":155}},"78":{"start":{"line":126,"column":8},"end":{"line":129,"column":17}},"79":{"start":{"line":134,"column":4},"end":{"line":137,"column":6}},"80":{"start":{"line":135,"column":8},"end":{"line":135,"column":39}},"81":{"start":{"line":136,"column":8},"end":{"line":136,"column":28}},"82":{"start":{"line":143,"column":4},"end":{"line":153,"column":6}},"83":{"start":{"line":146,"column":8},"end":{"line":152,"column":9}},"84":{"start":{"line":147,"column":12},"end":{"line":147,"column":46}},"85":{"start":{"line":148,"column":12},"end":{"line":148,"column":37}},"86":{"start":{"line":149,"column":12},"end":{"line":151,"column":21}},"87":{"start":{"line":158,"column":4},"end":{"line":165,"column":6}},"88":{"start":{"line":160,"column":21},"end":{"line":160,"column":116}},"89":{"start":{"line":162,"column":8},"end":{"line":162,"column":184}},"90":{"start":{"line":164,"column":8},"end":{"line":164,"column":28}},"91":{"start":{"line":171,"column":4},"end":{"line":183,"column":6}},"92":{"start":{"line":172,"column":8},"end":{"line":174,"column":9}},"93":{"start":{"line":173,"column":12},"end":{"line":173,"column":42}},"94":{"start":{"line":175,"column":22},"end":{"line":175,"column":65}},"95":{"start":{"line":176,"column":8},"end":{"line":178,"column":9}},"96":{"start":{"line":177,"column":12},"end":{"line":177,"column":34}},"97":{"start":{"line":180,"column":8},"end":{"line":182,"column":17}},"98":{"start":{"line":190,"column":4},"end":{"line":219,"column":6}},"99":{"start":{"line":192,"column":17},"end":{"line":192,"column":25}},"100":{"start":{"line":192,"column":34},"end":{"line":192,"column":41}},"101":{"start":{"line":192,"column":54},"end":{"line":192,"column":65}},"102":{"start":{"line":192,"column":82},"end":{"line":192,"column":89}},"103":{"start":{"line":192,"column":98},"end":{"line":192,"column":105}},"104":{"start":{"line":194,"column":8},"end":{"line":197,"column":9}},"105":{"start":{"line":194,"column":45},"end":{"line":194,"column":68}},"106":{"start":{"line":195,"column":12},"end":{"line":195,"column":173}},"107":{"start":{"line":196,"column":12},"end":{"line":196,"column":19}},"108":{"start":{"line":198,"column":8},"end":{"line":198,"column":27}},"109":{"start":{"line":199,"column":8},"end":{"line":199,"column":35}},"110":{"start":{"line":200,"column":8},"end":{"line":200,"column":27}},"111":{"start":{"line":201,"column":8},"end":{"line":207,"column":9}},"112":{"start":{"line":202,"column":12},"end":{"line":202,"column":78}},"113":{"start":{"line":202,"column":48},"end":{"line":202,"column":74}},"114":{"start":{"line":203,"column":12},"end":{"line":203,"column":33}},"115":{"start":{"line":204,"column":12},"end":{"line":206,"column":27}},"116":{"start":{"line":208,"column":8},"end":{"line":208,"column":54}},"117":{"start":{"line":210,"column":8},"end":{"line":214,"column":9}},"118":{"start":{"line":211,"column":12},"end":{"line":213,"column":27}},"119":{"start":{"line":215,"column":8},"end":{"line":217,"column":23}},"120":{"start":{"line":218,"column":8},"end":{"line":218,"column":28}},"121":{"start":{"line":224,"column":4},"end":{"line":234,"column":6}},"122":{"start":{"line":225,"column":8},"end":{"line":226,"column":19}},"123":{"start":{"line":226,"column":12},"end":{"line":226,"column":19}},"124":{"start":{"line":227,"column":17},"end":{"line":227,"column":31}},"125":{"start":{"line":227,"column":43},"end":{"line":227,"column":53}},"126":{"start":{"line":227,"column":68},"end":{"line":227,"column":81}},"127":{"start":{"line":228,"column":25},"end":{"line":228,"column":41}},"128":{"start":{"line":229,"column":8},"end":{"line":229,"column":58}},"129":{"start":{"line":230,"column":21},"end":{"line":230,"column":62}},"130":{"start":{"line":231,"column":8},"end":{"line":232,"column":40}},"131":{"start":{"line":232,"column":12},"end":{"line":232,"column":40}},"132":{"start":{"line":233,"column":8},"end":{"line":233,"column":28}},"133":{"start":{"line":238,"column":4},"end":{"line":248,"column":6}},"134":{"start":{"line":239,"column":19},"end":{"line":244,"column":10}},"135":{"start":{"line":240,"column":12},"end":{"line":243,"column":14}},"136":{"start":{"line":245,"column":8},"end":{"line":247,"column":11}},"137":{"start":{"line":249,"column":4},"end":{"line":249,"column":24}},"138":{"start":{"line":251,"column":0},"end":{"line":251,"column":31}},"139":{"start":{"line":252,"column":8},"end":{"line":252,"column":26}}},"fnMap":{"0":{"name":"(anonymous_0)","decl":{"start":{"line":2,"column":45},"end":{"line":2,"column":46}},"loc":{"start":{"line":2,"column":57},"end":{"line":14,"column":1}},"line":2},"1":{"name":"(anonymous_1)","decl":{"start":{"line":3,"column":24},"end":{"line":3,"column":25}},"loc":{"start":{"line":3,"column":40},"end":{"line":8,"column":5}},"line":3},"2":{"name":"(anonymous_2)","decl":{"start":{"line":5,"column":51},"end":{"line":5,"column":52}},"loc":{"start":{"line":5,"column":67},"end":{"line":5,"column":87}},"line":5},"3":{"name":"(anonymous_3)","decl":{"start":{"line":6,"column":12},"end":{"line":6,"column":13}},"loc":{"start":{"line":6,"column":28},"end":{"line":6,"column":86}},"line":6},"4":{"name":"(anonymous_4)","decl":{"start":{"line":9,"column":11},"end":{"line":9,"column":12}},"loc":{"start":{"line":9,"column":27},"end":{"line":13,"column":5}},"line":9},"5":{"name":"__","decl":{"start":{"line":11,"column":17},"end":{"line":11,"column":19}},"loc":{"start":{"line":11,"column":22},"end":{"line":11,"column":47}},"line":11},"6":{"name":"(anonymous_6)","decl":{"start":{"line":15,"column":56},"end":{"line":15,"column":57}},"loc":{"start":{"line":15,"column":71},"end":{"line":17,"column":1}},"line":15},"7":{"name":"(anonymous_7)","decl":{"start":{"line":25,"column":34},"end":{"line":25,"column":35}},"loc":{"start":{"line":25,"column":52},"end":{"line":250,"column":1}},"line":25},"8":{"name":"BuzzerServer","decl":{"start":{"line":28,"column":13},"end":{"line":28,"column":25}},"loc":{"start":{"line":28,"column":28},"end":{"line":34,"column":5}},"line":28},"9":{"name":"(anonymous_9)","decl":{"start":{"line":39,"column":39},"end":{"line":39,"column":40}},"loc":{"start":{"line":39,"column":65},"end":{"line":41,"column":5}},"line":39},"10":{"name":"(anonymous_10)","decl":{"start":{"line":45,"column":37},"end":{"line":45,"column":38}},"loc":{"start":{"line":45,"column":59},"end":{"line":49,"column":5}},"line":45},"11":{"name":"(anonymous_11)","decl":{"start":{"line":47,"column":43},"end":{"line":47,"column":44}},"loc":{"start":{"line":47,"column":56},"end":{"line":47,"column":139}},"line":47},"12":{"name":"(anonymous_12)","decl":{"start":{"line":55,"column":37},"end":{"line":55,"column":38}},"loc":{"start":{"line":55,"column":49},"end":{"line":57,"column":5}},"line":55},"13":{"name":"(anonymous_13)","decl":{"start":{"line":56,"column":33},"end":{"line":56,"column":34}},"loc":{"start":{"line":56,"column":46},"end":{"line":56,"column":66}},"line":56},"14":{"name":"(anonymous_14)","decl":{"start":{"line":63,"column":39},"end":{"line":63,"column":40}},"loc":{"start":{"line":63,"column":64},"end":{"line":95,"column":5}},"line":63},"15":{"name":"(anonymous_15)","decl":{"start":{"line":79,"column":18},"end":{"line":79,"column":19}},"loc":{"start":{"line":79,"column":48},"end":{"line":79,"column":99}},"line":79},"16":{"name":"(anonymous_16)","decl":{"start":{"line":80,"column":18},"end":{"line":80,"column":19}},"loc":{"start":{"line":80,"column":40},"end":{"line":80,"column":76}},"line":80},"17":{"name":"(anonymous_17)","decl":{"start":{"line":81,"column":18},"end":{"line":81,"column":19}},"loc":{"start":{"line":81,"column":40},"end":{"line":81,"column":76}},"line":81},"18":{"name":"(anonymous_18)","decl":{"start":{"line":82,"column":18},"end":{"line":82,"column":19}},"loc":{"start":{"line":82,"column":40},"end":{"line":82,"column":76}},"line":82},"19":{"name":"(anonymous_19)","decl":{"start":{"line":83,"column":18},"end":{"line":83,"column":19}},"loc":{"start":{"line":83,"column":34},"end":{"line":83,"column":64}},"line":83},"20":{"name":"(anonymous_20)","decl":{"start":{"line":84,"column":17},"end":{"line":84,"column":18}},"loc":{"start":{"line":84,"column":33},"end":{"line":84,"column":69}},"line":84},"21":{"name":"(anonymous_21)","decl":{"start":{"line":85,"column":19},"end":{"line":85,"column":20}},"loc":{"start":{"line":85,"column":42},"end":{"line":85,"column":73}},"line":85},"22":{"name":"(anonymous_22)","decl":{"start":{"line":86,"column":19},"end":{"line":86,"column":20}},"loc":{"start":{"line":86,"column":31},"end":{"line":86,"column":58}},"line":86},"23":{"name":"(anonymous_23)","decl":{"start":{"line":87,"column":19},"end":{"line":87,"column":20}},"loc":{"start":{"line":87,"column":35},"end":{"line":87,"column":73}},"line":87},"24":{"name":"(anonymous_24)","decl":{"start":{"line":96,"column":44},"end":{"line":96,"column":45}},"loc":{"start":{"line":96,"column":60},"end":{"line":107,"column":5}},"line":96},"25":{"name":"(anonymous_25)","decl":{"start":{"line":112,"column":37},"end":{"line":112,"column":38}},"loc":{"start":{"line":112,"column":53},"end":{"line":116,"column":5}},"line":112},"26":{"name":"(anonymous_26)","decl":{"start":{"line":122,"column":36},"end":{"line":122,"column":37}},"loc":{"start":{"line":122,"column":57},"end":{"line":130,"column":5}},"line":122},"27":{"name":"(anonymous_27)","decl":{"start":{"line":134,"column":37},"end":{"line":134,"column":38}},"loc":{"start":{"line":134,"column":49},"end":{"line":137,"column":5}},"line":134},"28":{"name":"(anonymous_28)","decl":{"start":{"line":143,"column":36},"end":{"line":143,"column":37}},"loc":{"start":{"line":143,"column":57},"end":{"line":153,"column":5}},"line":143},"29":{"name":"(anonymous_29)","decl":{"start":{"line":158,"column":36},"end":{"line":158,"column":37}},"loc":{"start":{"line":158,"column":51},"end":{"line":165,"column":5}},"line":158},"30":{"name":"(anonymous_30)","decl":{"start":{"line":171,"column":36},"end":{"line":171,"column":37}},"loc":{"start":{"line":171,"column":57},"end":{"line":183,"column":5}},"line":171},"31":{"name":"(anonymous_31)","decl":{"start":{"line":190,"column":43},"end":{"line":190,"column":44}},"loc":{"start":{"line":190,"column":78},"end":{"line":219,"column":5}},"line":190},"32":{"name":"(anonymous_32)","decl":{"start":{"line":194,"column":30},"end":{"line":194,"column":31}},"loc":{"start":{"line":194,"column":43},"end":{"line":194,"column":70}},"line":194},"33":{"name":"(anonymous_33)","decl":{"start":{"line":202,"column":33},"end":{"line":202,"column":34}},"loc":{"start":{"line":202,"column":46},"end":{"line":202,"column":76}},"line":202},"34":{"name":"(anonymous_34)","decl":{"start":{"line":224,"column":42},"end":{"line":224,"column":43}},"loc":{"start":{"line":224,"column":57},"end":{"line":234,"column":5}},"line":224},"35":{"name":"(anonymous_35)","decl":{"start":{"line":238,"column":42},"end":{"line":238,"column":43}},"loc":{"start":{"line":238,"column":54},"end":{"line":248,"column":5}},"line":238},"36":{"name":"(anonymous_36)","decl":{"start":{"line":239,"column":36},"end":{"line":239,"column":37}},"loc":{"start":{"line":239,"column":49},"end":{"line":244,"column":9}},"line":239}},"branchMap":{"0":{"loc":{"start":{"line":2,"column":16},"end":{"line":14,"column":4}},"type":"binary-expr","locations":[{"start":{"line":2,"column":17},"end":{"line":2,"column":21}},{"start":{"line":2,"column":25},"end":{"line":2,"column":39}},{"start":{"line":2,"column":44},"end":{"line":14,"column":4}}],"line":2},"1":{"loc":{"start":{"line":4,"column":24},"end":{"line":6,"column":86}},"type":"binary-expr","locations":[{"start":{"line":4,"column":24},"end":{"line":4,"column":45}},{"start":{"line":5,"column":13},"end":{"line":5,"column":47}},{"start":{"line":5,"column":51},"end":{"line":5,"column":87}},{"start":{"line":6,"column":12},"end":{"line":6,"column":86}}],"line":4},"2":{"loc":{"start":{"line":6,"column":47},"end":{"line":6,"column":84}},"type":"if","locations":[{"start":{"line":6,"column":47},"end":{"line":6,"column":84}},{"start":{"line":6,"column":47},"end":{"line":6,"column":84}}],"line":6},"3":{"loc":{"start":{"line":12,"column":22},"end":{"line":12,"column":92}},"type":"cond-expr","locations":[{"start":{"line":12,"column":35},"end":{"line":12,"column":51}},{"start":{"line":12,"column":55},"end":{"line":12,"column":91}}],"line":12},"4":{"loc":{"start":{"line":15,"column":22},"end":{"line":17,"column":1}},"type":"binary-expr","locations":[{"start":{"line":15,"column":23},"end":{"line":15,"column":27}},{"start":{"line":15,"column":31},"end":{"line":15,"column":51}},{"start":{"line":15,"column":56},"end":{"line":17,"column":1}}],"line":15},"5":{"loc":{"start":{"line":16,"column":11},"end":{"line":16,"column":61}},"type":"cond-expr","locations":[{"start":{"line":16,"column":37},"end":{"line":16,"column":40}},{"start":{"line":16,"column":43},"end":{"line":16,"column":61}}],"line":16},"6":{"loc":{"start":{"line":16,"column":12},"end":{"line":16,"column":33}},"type":"binary-expr","locations":[{"start":{"line":16,"column":12},"end":{"line":16,"column":15}},{"start":{"line":16,"column":19},"end":{"line":16,"column":33}}],"line":16},"7":{"loc":{"start":{"line":29,"column":20},"end":{"line":29,"column":45}},"type":"binary-expr","locations":[{"start":{"line":29,"column":20},"end":{"line":29,"column":37}},{"start":{"line":29,"column":41},"end":{"line":29,"column":45}}],"line":29},"8":{"loc":{"start":{"line":47,"column":73},"end":{"line":47,"column":136}},"type":"cond-expr","locations":[{"start":{"line":47,"column":115},"end":{"line":47,"column":121}},{"start":{"line":47,"column":124},"end":{"line":47,"column":136}}],"line":47},"9":{"loc":{"start":{"line":47,"column":73},"end":{"line":47,"column":112}},"type":"binary-expr","locations":[{"start":{"line":47,"column":73},"end":{"line":47,"column":95}},{"start":{"line":47,"column":99},"end":{"line":47,"column":112}}],"line":47},"10":{"loc":{"start":{"line":68,"column":8},"end":{"line":71,"column":9}},"type":"if","locations":[{"start":{"line":68,"column":8},"end":{"line":71,"column":9}},{"start":{"line":68,"column":8},"end":{"line":71,"column":9}}],"line":68},"11":{"loc":{"start":{"line":72,"column":8},"end":{"line":75,"column":9}},"type":"if","locations":[{"start":{"line":72,"column":8},"end":{"line":75,"column":9}},{"start":{"line":72,"column":8},"end":{"line":75,"column":9}}],"line":72},"12":{"loc":{"start":{"line":89,"column":8},"end":{"line":94,"column":9}},"type":"if","locations":[{"start":{"line":89,"column":8},"end":{"line":94,"column":9}},{"start":{"line":89,"column":8},"end":{"line":94,"column":9}}],"line":89},"13":{"loc":{"start":{"line":100,"column":12},"end":{"line":101,"column":25}},"type":"if","locations":[{"start":{"line":100,"column":12},"end":{"line":101,"column":25}},{"start":{"line":100,"column":12},"end":{"line":101,"column":25}}],"line":100},"14":{"loc":{"start":{"line":125,"column":19},"end":{"line":125,"column":155}},"type":"cond-expr","locations":[{"start":{"line":125,"column":141},"end":{"line":125,"column":143}},{"start":{"line":125,"column":146},"end":{"line":125,"column":155}}],"line":125},"15":{"loc":{"start":{"line":125,"column":19},"end":{"line":125,"column":138}},"type":"binary-expr","locations":[{"start":{"line":125,"column":19},"end":{"line":125,"column":121}},{"start":{"line":125,"column":125},"end":{"line":125,"column":138}}],"line":125},"16":{"loc":{"start":{"line":125,"column":25},"end":{"line":125,"column":111}},"type":"cond-expr","locations":[{"start":{"line":125,"column":95},"end":{"line":125,"column":101}},{"start":{"line":125,"column":104},"end":{"line":125,"column":111}}],"line":125},"17":{"loc":{"start":{"line":125,"column":25},"end":{"line":125,"column":92}},"type":"binary-expr","locations":[{"start":{"line":125,"column":25},"end":{"line":125,"column":75}},{"start":{"line":125,"column":79},"end":{"line":125,"column":92}}],"line":125},"18":{"loc":{"start":{"line":146,"column":8},"end":{"line":152,"column":9}},"type":"if","locations":[{"start":{"line":146,"column":8},"end":{"line":152,"column":9}},{"start":{"line":146,"column":8},"end":{"line":152,"column":9}}],"line":146},"19":{"loc":{"start":{"line":146,"column":24},"end":{"line":146,"column":94}},"type":"cond-expr","locations":[{"start":{"line":146,"column":73},"end":{"line":146,"column":75}},{"start":{"line":146,"column":78},"end":{"line":146,"column":94}}],"line":146},"20":{"loc":{"start":{"line":146,"column":24},"end":{"line":146,"column":70}},"type":"binary-expr","locations":[{"start":{"line":146,"column":24},"end":{"line":146,"column":53}},{"start":{"line":146,"column":57},"end":{"line":146,"column":70}}],"line":146},"21":{"loc":{"start":{"line":160,"column":21},"end":{"line":160,"column":116}},"type":"cond-expr","locations":[{"start":{"line":160,"column":100},"end":{"line":160,"column":106}},{"start":{"line":160,"column":109},"end":{"line":160,"column":116}}],"line":160},"22":{"loc":{"start":{"line":160,"column":21},"end":{"line":160,"column":97}},"type":"binary-expr","locations":[{"start":{"line":160,"column":21},"end":{"line":160,"column":80}},{"start":{"line":160,"column":84},"end":{"line":160,"column":97}}],"line":160},"23":{"loc":{"start":{"line":162,"column":8},"end":{"line":162,"column":183}},"type":"cond-expr","locations":[{"start":{"line":162,"column":47},"end":{"line":162,"column":53}},{"start":{"line":162,"column":56},"end":{"line":162,"column":183}}],"line":162},"24":{"loc":{"start":{"line":162,"column":8},"end":{"line":162,"column":44}},"type":"binary-expr","locations":[{"start":{"line":162,"column":8},"end":{"line":162,"column":23}},{"start":{"line":162,"column":27},"end":{"line":162,"column":44}}],"line":162},"25":{"loc":{"start":{"line":162,"column":115},"end":{"line":162,"column":181}},"type":"cond-expr","locations":[{"start":{"line":162,"column":165},"end":{"line":162,"column":171}},{"start":{"line":162,"column":174},"end":{"line":162,"column":181}}],"line":162},"26":{"loc":{"start":{"line":162,"column":115},"end":{"line":162,"column":162}},"type":"binary-expr","locations":[{"start":{"line":162,"column":115},"end":{"line":162,"column":145}},{"start":{"line":162,"column":149},"end":{"line":162,"column":162}}],"line":162},"27":{"loc":{"start":{"line":172,"column":8},"end":{"line":174,"column":9}},"type":"if","locations":[{"start":{"line":172,"column":8},"end":{"line":174,"column":9}},{"start":{"line":172,"column":8},"end":{"line":174,"column":9}}],"line":172},"28":{"loc":{"start":{"line":176,"column":8},"end":{"line":178,"column":9}},"type":"if","locations":[{"start":{"line":176,"column":8},"end":{"line":178,"column":9}},{"start":{"line":176,"column":8},"end":{"line":178,"column":9}}],"line":176},"29":{"loc":{"start":{"line":194,"column":8},"end":{"line":197,"column":9}},"type":"if","locations":[{"start":{"line":194,"column":8},"end":{"line":197,"column":9}},{"start":{"line":194,"column":8},"end":{"line":197,"column":9}}],"line":194},"30":{"loc":{"start":{"line":195,"column":12},"end":{"line":195,"column":172}},"type":"cond-expr","locations":[{"start":{"line":195,"column":59},"end":{"line":195,"column":65}},{"start":{"line":195,"column":68},"end":{"line":195,"column":172}}],"line":195},"31":{"loc":{"start":{"line":195,"column":12},"end":{"line":195,"column":56}},"type":"binary-expr","locations":[{"start":{"line":195,"column":12},"end":{"line":195,"column":39}},{"start":{"line":195,"column":43},"end":{"line":195,"column":56}}],"line":195},"32":{"loc":{"start":{"line":201,"column":8},"end":{"line":207,"column":9}},"type":"if","locations":[{"start":{"line":201,"column":8},"end":{"line":207,"column":9}},{"start":{"line":201,"column":8},"end":{"line":207,"column":9}}],"line":201},"33":{"loc":{"start":{"line":210,"column":8},"end":{"line":214,"column":9}},"type":"if","locations":[{"start":{"line":210,"column":8},"end":{"line":214,"column":9}},{"start":{"line":210,"column":8},"end":{"line":214,"column":9}}],"line":210},"34":{"loc":{"start":{"line":225,"column":8},"end":{"line":226,"column":19}},"type":"if","locations":[{"start":{"line":225,"column":8},"end":{"line":226,"column":19}},{"start":{"line":225,"column":8},"end":{"line":226,"column":19}}],"line":225},"35":{"loc":{"start":{"line":225,"column":12},"end":{"line":225,"column":76}},"type":"binary-expr","locations":[{"start":{"line":225,"column":12},"end":{"line":225,"column":30}},{"start":{"line":225,"column":34},"end":{"line":225,"column":76}}],"line":225},"36":{"loc":{"start":{"line":228,"column":25},"end":{"line":228,"column":41}},"type":"cond-expr","locations":[{"start":{"line":228,"column":35},"end":{"line":228,"column":37}},{"start":{"line":228,"column":40},"end":{"line":228,"column":41}}],"line":228},"37":{"loc":{"start":{"line":229,"column":22},"end":{"line":229,"column":57}},"type":"cond-expr","locations":[{"start":{"line":229,"column":36},"end":{"line":229,"column":52}},{"start":{"line":229,"column":56},"end":{"line":229,"column":57}}],"line":229},"38":{"loc":{"start":{"line":229,"column":36},"end":{"line":229,"column":52}},"type":"cond-expr","locations":[{"start":{"line":229,"column":46},"end":{"line":229,"column":47}},{"start":{"line":229,"column":50},"end":{"line":229,"column":52}}],"line":229},"39":{"loc":{"start":{"line":231,"column":8},"end":{"line":232,"column":40}},"type":"if","locations":[{"start":{"line":231,"column":8},"end":{"line":232,"column":40}},{"start":{"line":231,"column":8},"end":{"line":232,"column":40}}],"line":231}},"s":{"0":1,"1":1,"2":1,"3":0,"4":0,"5":0,"6":0,"7":1,"8":1,"9":1,"10":1,"11":1,"12":1,"13":2,"14":1,"15":1,"16":1,"17":1,"18":1,"19":1,"20":2,"21":2,"22":2,"23":2,"24":2,"25":1,"26":1,"27":1,"28":0,"29":0,"30":0,"31":0,"32":1,"33":3,"34":4,"35":1,"36":1,"37":1,"38":1,"39":1,"40":1,"41":0,"42":0,"43":1,"44":0,"45":0,"46":1,"47":1,"48":1,"49":1,"50":0,"51":0,"52":0,"53":0,"54":0,"55":0,"56":0,"57":0,"58":1,"59":1,"60":0,"61":1,"62":0,"63":0,"64":0,"65":0,"66":0,"67":0,"68":0,"69":0,"70":0,"71":1,"72":0,"73":0,"74":0,"75":1,"76":0,"77":0,"78":0,"79":1,"80":0,"81":0,"82":1,"83":0,"84":0,"85":0,"86":0,"87":1,"88":0,"89":0,"90":0,"91":1,"92":0,"93":0,"94":0,"95":0,"96":0,"97":0,"98":1,"99":1,"100":1,"101":1,"102":1,"103":1,"104":1,"105":1,"106":0,"107":0,"108":1,"109":1,"110":1,"111":1,"112":0,"113":0,"114":0,"115":0,"116":1,"117":1,"118":0,"119":1,"120":1,"121":1,"122":0,"123":0,"124":0,"125":0,"126":0,"127":0,"128":0,"129":0,"130":0,"131":0,"132":0,"133":1,"134":1,"135":1,"136":1,"137":1,"138":1,"139":1},"f":{"0":1,"1":1,"2":0,"3":0,"4":1,"5":1,"6":2,"7":1,"8":2,"9":1,"10":0,"11":0,"12":3,"13":4,"14":1,"15":1,"16":0,"17":0,"18":0,"19":0,"20":0,"21":0,"22":0,"23":0,"24":0,"25":0,"26":0,"27":0,"28":0,"29":0,"30":0,"31":1,"32":1,"33":0,"34":0,"35":1,"36":1},"b":{"0":[1,1,1],"1":[1,0,0,0],"2":[0,0],"3":[0,1],"4":[1,1,1],"5":[2,0],"6":[2,2],"7":[2,2],"8":[0,0],"9":[0,0],"10":[0,1],"11":[0,1],"12":[1,0],"13":[0,0],"14":[0,0],"15":[0,0],"16":[0,0],"17":[0,0],"18":[0,0],"19":[0,0],"20":[0,0],"21":[0,0],"22":[0,0],"23":[0,0],"24":[0,0],"25":[0,0],"26":[0,0],"27":[0,0],"28":[0,0],"29":[0,1],"30":[0,0],"31":[0,0],"32":[0,1],"33":[0,1],"34":[0,0],"35":[0,0],"36":[0,0],"37":[0,0],"38":[0,0],"39":[0,0]},"inputSourceMap":null,"_coverageSchema":"1a1c01bbd47fc00a2c39e90264f33305004495a9","hash":"40a1430ada2ba07486a603a59b6bfdab9a90826c"}
,"/Users/AlexH/Programming/Scholar Bowl/server/server.js": {"path":"/Users/AlexH/Programming/Scholar Bowl/server/server.js","statementMap":{"0":{"start":{"line":2,"column":21},"end":{"line":8,"column":1}},"1":{"start":{"line":3,"column":4},"end":{"line":3,"column":88}},"2":{"start":{"line":3,"column":17},"end":{"line":3,"column":18}},"3":{"start":{"line":3,"column":24},"end":{"line":3,"column":25}},"4":{"start":{"line":3,"column":32},"end":{"line":3,"column":48}},"5":{"start":{"line":3,"column":63},"end":{"line":3,"column":88}},"6":{"start":{"line":4,"column":4},"end":{"line":6,"column":24}},"7":{"start":{"line":4,"column":17},"end":{"line":4,"column":25}},"8":{"start":{"line":4,"column":31},"end":{"line":4,"column":32}},"9":{"start":{"line":4,"column":38},"end":{"line":4,"column":39}},"10":{"start":{"line":5,"column":8},"end":{"line":6,"column":24}},"11":{"start":{"line":5,"column":21},"end":{"line":5,"column":33}},"12":{"start":{"line":5,"column":39},"end":{"line":5,"column":40}},"13":{"start":{"line":5,"column":47},"end":{"line":5,"column":55}},"14":{"start":{"line":6,"column":12},"end":{"line":6,"column":24}},"15":{"start":{"line":7,"column":4},"end":{"line":7,"column":13}},"16":{"start":{"line":9,"column":22},"end":{"line":11,"column":1}},"17":{"start":{"line":10,"column":4},"end":{"line":10,"column":62}},"18":{"start":{"line":12,"column":0},"end":{"line":12,"column":62}},"19":{"start":{"line":13,"column":18},"end":{"line":13,"column":38}},"20":{"start":{"line":14,"column":13},"end":{"line":14,"column":28}},"21":{"start":{"line":15,"column":15},"end":{"line":15,"column":51}},"22":{"start":{"line":16,"column":30},"end":{"line":156,"column":3}},"23":{"start":{"line":18,"column":8},"end":{"line":18,"column":26}},"24":{"start":{"line":20,"column":4},"end":{"line":38,"column":6}},"25":{"start":{"line":21,"column":20},"end":{"line":21,"column":24}},"26":{"start":{"line":22,"column":8},"end":{"line":37,"column":11}},"27":{"start":{"line":23,"column":12},"end":{"line":27,"column":15}},"28":{"start":{"line":24,"column":16},"end":{"line":24,"column":66}},"29":{"start":{"line":25,"column":16},"end":{"line":25,"column":40}},"30":{"start":{"line":26,"column":16},"end":{"line":26,"column":31}},"31":{"start":{"line":28,"column":12},"end":{"line":31,"column":15}},"32":{"start":{"line":29,"column":16},"end":{"line":29,"column":75}},"33":{"start":{"line":30,"column":16},"end":{"line":30,"column":26}},"34":{"start":{"line":32,"column":12},"end":{"line":35,"column":15}},"35":{"start":{"line":36,"column":12},"end":{"line":36,"column":91}},"36":{"start":{"line":36,"column":58},"end":{"line":36,"column":87}},"37":{"start":{"line":45,"column":4},"end":{"line":54,"column":6}},"38":{"start":{"line":46,"column":20},"end":{"line":46,"column":24}},"39":{"start":{"line":48,"column":8},"end":{"line":48,"column":55}},"40":{"start":{"line":48,"column":36},"end":{"line":48,"column":53}},"41":{"start":{"line":49,"column":18},"end":{"line":49,"column":20}},"42":{"start":{"line":50,"column":8},"end":{"line":52,"column":11}},"43":{"start":{"line":50,"column":103},"end":{"line":50,"column":148}},"44":{"start":{"line":51,"column":12},"end":{"line":51,"column":61}},"45":{"start":{"line":53,"column":8},"end":{"line":53,"column":19}},"46":{"start":{"line":61,"column":4},"end":{"line":77,"column":6}},"47":{"start":{"line":62,"column":18},"end":{"line":72,"column":9}},"48":{"start":{"line":73,"column":22},"end":{"line":73,"column":41}},"49":{"start":{"line":74,"column":8},"end":{"line":74,"column":106}},"50":{"start":{"line":75,"column":8},"end":{"line":75,"column":25}},"51":{"start":{"line":76,"column":8},"end":{"line":76,"column":19}},"52":{"start":{"line":82,"column":4},"end":{"line":84,"column":6}},"53":{"start":{"line":83,"column":8},"end":{"line":83,"column":145}},"54":{"start":{"line":90,"column":4},"end":{"line":92,"column":6}},"55":{"start":{"line":91,"column":8},"end":{"line":91,"column":73}},"56":{"start":{"line":91,"column":46},"end":{"line":91,"column":69}},"57":{"start":{"line":98,"column":4},"end":{"line":100,"column":6}},"58":{"start":{"line":99,"column":8},"end":{"line":99,"column":41}},"59":{"start":{"line":106,"column":4},"end":{"line":108,"column":6}},"60":{"start":{"line":107,"column":8},"end":{"line":107,"column":73}},"61":{"start":{"line":107,"column":46},"end":{"line":107,"column":69}},"62":{"start":{"line":113,"column":4},"end":{"line":115,"column":6}},"63":{"start":{"line":114,"column":8},"end":{"line":114,"column":39}},"64":{"start":{"line":121,"column":4},"end":{"line":127,"column":6}},"65":{"start":{"line":122,"column":23},"end":{"line":122,"column":25}},"66":{"start":{"line":123,"column":8},"end":{"line":125,"column":9}},"67":{"start":{"line":123,"column":22},"end":{"line":123,"column":23}},"68":{"start":{"line":124,"column":12},"end":{"line":124,"column":45}},"69":{"start":{"line":126,"column":8},"end":{"line":126,"column":81}},"70":{"start":{"line":128,"column":4},"end":{"line":148,"column":6}},"71":{"start":{"line":129,"column":20},"end":{"line":129,"column":24}},"72":{"start":{"line":130,"column":8},"end":{"line":134,"column":9}},"73":{"start":{"line":131,"column":12},"end":{"line":131,"column":42}},"74":{"start":{"line":132,"column":12},"end":{"line":132,"column":50}},"75":{"start":{"line":133,"column":12},"end":{"line":133,"column":19}},"76":{"start":{"line":135,"column":8},"end":{"line":135,"column":46}},"77":{"start":{"line":136,"column":25},"end":{"line":136,"column":64}},"78":{"start":{"line":137,"column":8},"end":{"line":137,"column":38}},"79":{"start":{"line":138,"column":8},"end":{"line":140,"column":11}},"80":{"start":{"line":139,"column":12},"end":{"line":139,"column":53}},"81":{"start":{"line":141,"column":8},"end":{"line":143,"column":11}},"82":{"start":{"line":142,"column":12},"end":{"line":142,"column":38}},"83":{"start":{"line":144,"column":21},"end":{"line":144,"column":43}},"84":{"start":{"line":145,"column":8},"end":{"line":145,"column":33}},"85":{"start":{"line":146,"column":8},"end":{"line":146,"column":34}},"86":{"start":{"line":147,"column":8},"end":{"line":147,"column":40}},"87":{"start":{"line":150,"column":4},"end":{"line":150,"column":60}},"88":{"start":{"line":152,"column":4},"end":{"line":152,"column":59}},"89":{"start":{"line":154,"column":4},"end":{"line":154,"column":64}},"90":{"start":{"line":155,"column":4},"end":{"line":155,"column":20}},"91":{"start":{"line":157,"column":0},"end":{"line":157,"column":27}}},"fnMap":{"0":{"name":"(anonymous_0)","decl":{"start":{"line":2,"column":54},"end":{"line":2,"column":55}},"loc":{"start":{"line":2,"column":66},"end":{"line":8,"column":1}},"line":2},"1":{"name":"(anonymous_1)","decl":{"start":{"line":9,"column":56},"end":{"line":9,"column":57}},"loc":{"start":{"line":9,"column":71},"end":{"line":11,"column":1}},"line":9},"2":{"name":"(anonymous_2)","decl":{"start":{"line":16,"column":30},"end":{"line":16,"column":31}},"loc":{"start":{"line":16,"column":42},"end":{"line":156,"column":1}},"line":16},"3":{"name":"WSServer","decl":{"start":{"line":17,"column":13},"end":{"line":17,"column":21}},"loc":{"start":{"line":17,"column":24},"end":{"line":19,"column":5}},"line":17},"4":{"name":"(anonymous_4)","decl":{"start":{"line":20,"column":33},"end":{"line":20,"column":34}},"loc":{"start":{"line":20,"column":45},"end":{"line":38,"column":5}},"line":20},"5":{"name":"(anonymous_5)","decl":{"start":{"line":22,"column":27},"end":{"line":22,"column":28}},"loc":{"start":{"line":22,"column":46},"end":{"line":37,"column":9}},"line":22},"6":{"name":"(anonymous_6)","decl":{"start":{"line":23,"column":47},"end":{"line":23,"column":48}},"loc":{"start":{"line":23,"column":76},"end":{"line":27,"column":13}},"line":23},"7":{"name":"(anonymous_7)","decl":{"start":{"line":28,"column":56},"end":{"line":28,"column":57}},"loc":{"start":{"line":28,"column":68},"end":{"line":31,"column":13}},"line":28},"8":{"name":"(anonymous_8)","decl":{"start":{"line":36,"column":41},"end":{"line":36,"column":42}},"loc":{"start":{"line":36,"column":56},"end":{"line":36,"column":89}},"line":36},"9":{"name":"(anonymous_9)","decl":{"start":{"line":45,"column":35},"end":{"line":45,"column":36}},"loc":{"start":{"line":45,"column":74},"end":{"line":54,"column":5}},"line":45},"10":{"name":"(anonymous_10)","decl":{"start":{"line":50,"column":88},"end":{"line":50,"column":89}},"loc":{"start":{"line":50,"column":101},"end":{"line":50,"column":150}},"line":50},"11":{"name":"(anonymous_11)","decl":{"start":{"line":50,"column":160},"end":{"line":50,"column":161}},"loc":{"start":{"line":50,"column":173},"end":{"line":52,"column":9}},"line":50},"12":{"name":"(anonymous_12)","decl":{"start":{"line":61,"column":37},"end":{"line":61,"column":38}},"loc":{"start":{"line":61,"column":69},"end":{"line":77,"column":5}},"line":61},"13":{"name":"(anonymous_13)","decl":{"start":{"line":82,"column":39},"end":{"line":82,"column":40}},"loc":{"start":{"line":82,"column":57},"end":{"line":84,"column":5}},"line":82},"14":{"name":"(anonymous_14)","decl":{"start":{"line":90,"column":49},"end":{"line":90,"column":50}},"loc":{"start":{"line":90,"column":65},"end":{"line":92,"column":5}},"line":90},"15":{"name":"(anonymous_15)","decl":{"start":{"line":91,"column":31},"end":{"line":91,"column":32}},"loc":{"start":{"line":91,"column":44},"end":{"line":91,"column":71}},"line":91},"16":{"name":"(anonymous_16)","decl":{"start":{"line":98,"column":36},"end":{"line":98,"column":37}},"loc":{"start":{"line":98,"column":54},"end":{"line":100,"column":5}},"line":98},"17":{"name":"(anonymous_17)","decl":{"start":{"line":106,"column":43},"end":{"line":106,"column":44}},"loc":{"start":{"line":106,"column":59},"end":{"line":108,"column":5}},"line":106},"18":{"name":"(anonymous_18)","decl":{"start":{"line":107,"column":31},"end":{"line":107,"column":32}},"loc":{"start":{"line":107,"column":44},"end":{"line":107,"column":71}},"line":107},"19":{"name":"(anonymous_19)","decl":{"start":{"line":113,"column":31},"end":{"line":113,"column":32}},"loc":{"start":{"line":113,"column":46},"end":{"line":115,"column":5}},"line":113},"20":{"name":"(anonymous_20)","decl":{"start":{"line":121,"column":29},"end":{"line":121,"column":30}},"loc":{"start":{"line":121,"column":45},"end":{"line":127,"column":5}},"line":121},"21":{"name":"(anonymous_21)","decl":{"start":{"line":128,"column":36},"end":{"line":128,"column":37}},"loc":{"start":{"line":128,"column":51},"end":{"line":148,"column":5}},"line":128},"22":{"name":"(anonymous_22)","decl":{"start":{"line":138,"column":33},"end":{"line":138,"column":34}},"loc":{"start":{"line":138,"column":49},"end":{"line":140,"column":9}},"line":138},"23":{"name":"(anonymous_23)","decl":{"start":{"line":141,"column":31},"end":{"line":141,"column":32}},"loc":{"start":{"line":141,"column":53},"end":{"line":143,"column":9}},"line":141},"24":{"name":"(anonymous_24)","decl":{"start":{"line":150,"column":35},"end":{"line":150,"column":36}},"loc":{"start":{"line":150,"column":56},"end":{"line":150,"column":59}},"line":150},"25":{"name":"(anonymous_25)","decl":{"start":{"line":152,"column":33},"end":{"line":152,"column":34}},"loc":{"start":{"line":152,"column":55},"end":{"line":152,"column":58}},"line":152},"26":{"name":"(anonymous_26)","decl":{"start":{"line":154,"column":35},"end":{"line":154,"column":36}},"loc":{"start":{"line":154,"column":60},"end":{"line":154,"column":63}},"line":154}},"branchMap":{"0":{"loc":{"start":{"line":2,"column":21},"end":{"line":8,"column":1}},"type":"binary-expr","locations":[{"start":{"line":2,"column":22},"end":{"line":2,"column":26}},{"start":{"line":2,"column":30},"end":{"line":2,"column":49}},{"start":{"line":2,"column":54},"end":{"line":8,"column":1}}],"line":2},"1":{"loc":{"start":{"line":9,"column":22},"end":{"line":11,"column":1}},"type":"binary-expr","locations":[{"start":{"line":9,"column":23},"end":{"line":9,"column":27}},{"start":{"line":9,"column":31},"end":{"line":9,"column":51}},{"start":{"line":9,"column":56},"end":{"line":11,"column":1}}],"line":9},"2":{"loc":{"start":{"line":10,"column":11},"end":{"line":10,"column":61}},"type":"cond-expr","locations":[{"start":{"line":10,"column":37},"end":{"line":10,"column":40}},{"start":{"line":10,"column":43},"end":{"line":10,"column":61}}],"line":10},"3":{"loc":{"start":{"line":10,"column":12},"end":{"line":10,"column":33}},"type":"binary-expr","locations":[{"start":{"line":10,"column":12},"end":{"line":10,"column":15}},{"start":{"line":10,"column":19},"end":{"line":10,"column":33}}],"line":10},"4":{"loc":{"start":{"line":28,"column":32},"end":{"line":28,"column":54}},"type":"binary-expr","locations":[{"start":{"line":28,"column":32},"end":{"line":28,"column":48}},{"start":{"line":28,"column":52},"end":{"line":28,"column":54}}],"line":28},"5":{"loc":{"start":{"line":29,"column":50},"end":{"line":29,"column":72}},"type":"binary-expr","locations":[{"start":{"line":29,"column":50},"end":{"line":29,"column":66}},{"start":{"line":29,"column":70},"end":{"line":29,"column":72}}],"line":29},"6":{"loc":{"start":{"line":48,"column":8},"end":{"line":48,"column":55}},"type":"if","locations":[{"start":{"line":48,"column":8},"end":{"line":48,"column":55}},{"start":{"line":48,"column":8},"end":{"line":48,"column":55}}],"line":48},"7":{"loc":{"start":{"line":50,"column":8},"end":{"line":52,"column":10}},"type":"cond-expr","locations":[{"start":{"line":50,"column":57},"end":{"line":50,"column":63}},{"start":{"line":50,"column":66},"end":{"line":52,"column":10}}],"line":50},"8":{"loc":{"start":{"line":50,"column":8},"end":{"line":50,"column":54}},"type":"binary-expr","locations":[{"start":{"line":50,"column":8},"end":{"line":50,"column":37}},{"start":{"line":50,"column":41},"end":{"line":50,"column":54}}],"line":50},"9":{"loc":{"start":{"line":50,"column":110},"end":{"line":50,"column":147}},"type":"binary-expr","locations":[{"start":{"line":50,"column":110},"end":{"line":50,"column":128}},{"start":{"line":50,"column":132},"end":{"line":50,"column":147}}],"line":50},"10":{"loc":{"start":{"line":83,"column":18},"end":{"line":83,"column":143}},"type":"cond-expr","locations":[{"start":{"line":83,"column":57},"end":{"line":83,"column":63}},{"start":{"line":83,"column":66},"end":{"line":83,"column":143}}],"line":83},"11":{"loc":{"start":{"line":83,"column":18},"end":{"line":83,"column":54}},"type":"binary-expr","locations":[{"start":{"line":83,"column":18},"end":{"line":83,"column":33}},{"start":{"line":83,"column":37},"end":{"line":83,"column":54}}],"line":83},"12":{"loc":{"start":{"line":130,"column":8},"end":{"line":134,"column":9}},"type":"if","locations":[{"start":{"line":130,"column":8},"end":{"line":134,"column":9}},{"start":{"line":130,"column":8},"end":{"line":134,"column":9}}],"line":130},"13":{"loc":{"start":{"line":130,"column":12},"end":{"line":130,"column":57}},"type":"binary-expr","locations":[{"start":{"line":130,"column":12},"end":{"line":130,"column":22}},{"start":{"line":130,"column":26},"end":{"line":130,"column":57}}],"line":130}},"s":{"0":3,"1":45,"2":45,"3":45,"4":45,"5":90,"6":45,"7":45,"8":45,"9":45,"10":90,"11":90,"12":90,"13":90,"14":162,"15":45,"16":3,"17":3,"18":3,"19":3,"20":3,"21":3,"22":3,"23":8,"24":3,"25":7,"26":7,"27":7,"28":0,"29":0,"30":0,"31":7,"32":7,"33":7,"34":7,"35":7,"36":14,"37":3,"38":2,"39":2,"40":2,"41":2,"42":2,"43":4,"44":4,"45":2,"46":3,"47":8,"48":8,"49":8,"50":8,"51":8,"52":3,"53":5,"54":3,"55":2,"56":2,"57":3,"58":4,"59":3,"60":1,"61":1,"62":3,"63":1,"64":3,"65":45,"66":45,"67":45,"68":72,"69":45,"70":3,"71":14,"72":14,"73":0,"74":0,"75":0,"76":14,"77":14,"78":14,"79":14,"80":3,"81":14,"82":10,"83":14,"84":14,"85":14,"86":14,"87":3,"88":3,"89":3,"90":3,"91":3},"f":{"0":45,"1":3,"2":3,"3":8,"4":7,"5":7,"6":0,"7":7,"8":14,"9":2,"10":4,"11":4,"12":8,"13":5,"14":2,"15":2,"16":4,"17":1,"18":1,"19":1,"20":45,"21":14,"22":3,"23":10,"24":13,"25":10,"26":0},"b":{"0":[3,3,3],"1":[3,3,3],"2":[3,0],"3":[3,3],"4":[7,7],"5":[7,7],"6":[2,0],"7":[0,2],"8":[2,2],"9":[4,0],"10":[0,5],"11":[5,5],"12":[0,14],"13":[14,0]},"inputSourceMap":null,"_coverageSchema":"1a1c01bbd47fc00a2c39e90264f33305004495a9","hash":"6fbc57d852100996e122afcc5d1ee4b878a77668"}
,"/Users/AlexH/Programming/Scholar Bowl/server/types.js": {"path":"/Users/AlexH/Programming/Scholar Bowl/server/types.js","statementMap":{"0":{"start":{"line":2,"column":0},"end":{"line":2,"column":62}},"1":{"start":{"line":3,"column":0},"end":{"line":3,"column":56}},"2":{"start":{"line":5,"column":0},"end":{"line":15,"column":71}},"3":{"start":{"line":6,"column":4},"end":{"line":6,"column":38}},"4":{"start":{"line":7,"column":4},"end":{"line":7,"column":34}},"5":{"start":{"line":8,"column":4},"end":{"line":8,"column":34}},"6":{"start":{"line":9,"column":4},"end":{"line":9,"column":36}},"7":{"start":{"line":10,"column":4},"end":{"line":10,"column":40}},"8":{"start":{"line":11,"column":4},"end":{"line":11,"column":34}},"9":{"start":{"line":12,"column":4},"end":{"line":12,"column":34}},"10":{"start":{"line":13,"column":4},"end":{"line":13,"column":38}},"11":{"start":{"line":14,"column":4},"end":{"line":14,"column":34}},"12":{"start":{"line":17,"column":0},"end":{"line":27,"column":80}},"13":{"start":{"line":18,"column":4},"end":{"line":18,"column":39}},"14":{"start":{"line":19,"column":4},"end":{"line":19,"column":39}},"15":{"start":{"line":20,"column":4},"end":{"line":20,"column":37}},"16":{"start":{"line":21,"column":4},"end":{"line":21,"column":37}},"17":{"start":{"line":22,"column":4},"end":{"line":22,"column":37}},"18":{"start":{"line":23,"column":4},"end":{"line":23,"column":35}},"19":{"start":{"line":24,"column":4},"end":{"line":24,"column":37}},"20":{"start":{"line":25,"column":4},"end":{"line":25,"column":37}},"21":{"start":{"line":26,"column":4},"end":{"line":26,"column":39}}},"fnMap":{"0":{"name":"(anonymous_0)","decl":{"start":{"line":5,"column":1},"end":{"line":5,"column":2}},"loc":{"start":{"line":5,"column":25},"end":{"line":15,"column":1}},"line":5},"1":{"name":"(anonymous_1)","decl":{"start":{"line":17,"column":1},"end":{"line":17,"column":2}},"loc":{"start":{"line":17,"column":28},"end":{"line":27,"column":1}},"line":17}},"branchMap":{"0":{"loc":{"start":{"line":15,"column":18},"end":{"line":15,"column":69}},"type":"binary-expr","locations":[{"start":{"line":15,"column":18},"end":{"line":15,"column":38}},{"start":{"line":15,"column":43},"end":{"line":15,"column":68}}],"line":15},"1":{"loc":{"start":{"line":27,"column":21},"end":{"line":27,"column":78}},"type":"binary-expr","locations":[{"start":{"line":27,"column":21},"end":{"line":27,"column":44}},{"start":{"line":27,"column":49},"end":{"line":27,"column":77}}],"line":27}},"s":{"0":1,"1":1,"2":1,"3":1,"4":1,"5":1,"6":1,"7":1,"8":1,"9":1,"10":1,"11":1,"12":1,"13":1,"14":1,"15":1,"16":1,"17":1,"18":1,"19":1,"20":1,"21":1},"f":{"0":1,"1":1},"b":{"0":[1,1],"1":[1,1]},"inputSourceMap":null,"_coverageSchema":"1a1c01bbd47fc00a2c39e90264f33305004495a9","hash":"64e459e722b94915ee7bdaab64e9006c851e5481"}
,"/Users/AlexH/Programming/Scholar Bowl/server/test/FakeClient.ts": {"path":"/Users/AlexH/Programming/Scholar Bowl/server/test/FakeClient.ts","statementMap":{"0":{"start":{"line":1,"column":0},"end":{"line":1,"column":69}},"1":{"start":{"line":2,"column":0},"end":{"line":2,"column":null}},"2":{"start":{"line":8,"column":2},"end":{"line":8,"column":14}},"3":{"start":{"line":3,"column":2},"end":{"line":3,"column":70}},"4":{"start":{"line":5,"column":2},"end":{"line":5,"column":17}},"5":{"start":{"line":9,"column":4},"end":{"line":9,"column":31}},"6":{"start":{"line":10,"column":4},"end":{"line":12,"column":null}},"7":{"start":{"line":11,"column":6},"end":{"line":11,"column":25}},"8":{"start":{"line":14,"column":4},"end":{"line":14,"column":29}},"9":{"start":{"line":17,"column":2},"end":{"line":24,"column":null}},"10":{"start":{"line":17,"column":2},"end":{"line":17,"column":9}},"11":{"start":{"line":17,"column":10},"end":{"line":17,"column":null}},"12":{"start":{"line":18,"column":4},"end":{"line":23,"column":null}},"13":{"start":{"line":19,"column":6},"end":{"line":22,"column":null}},"14":{"start":{"line":20,"column":8},"end":{"line":20,"column":17}},"15":{"start":{"line":21,"column":8},"end":{"line":21,"column":18}},"16":{"start":{"line":26,"column":2},"end":{"line":28,"column":null}},"17":{"start":{"line":27,"column":4},"end":{"line":27,"column":23}},"18":{"start":{"line":30,"column":2},"end":{"line":39,"column":null}},"19":{"start":{"line":30,"column":2},"end":{"line":30,"column":16}},"20":{"start":{"line":31,"column":4},"end":{"line":38,"column":null}},"21":{"start":{"line":32,"column":27},"end":{"line":32,"column":41}},"22":{"start":{"line":33,"column":6},"end":{"line":37,"column":null}},"23":{"start":{"line":34,"column":8},"end":{"line":34,"column":27}},"24":{"start":{"line":35,"column":8},"end":{"line":35,"column":40}},"25":{"start":{"line":36,"column":8},"end":{"line":36,"column":20}},"26":{"start":{"line":41,"column":2},"end":{"line":43,"column":null}},"27":{"start":{"line":45,"column":2},"end":{"line":47,"column":null}},"28":{"start":{"line":46,"column":4},"end":{"line":46,"column":26}},"29":{"start":{"line":51,"column":2},"end":{"line":62,"column":null}},"30":{"start":{"line":52,"column":14},"end":{"line":57,"column":6}},"31":{"start":{"line":59,"column":4},"end":{"line":59,"column":35}},"32":{"start":{"line":61,"column":4},"end":{"line":61,"column":15}},"33":{"start":{"line":63,"column":0},"end":{"line":63,"column":null}}},"fnMap":{"0":{"name":"(anonymous_0)","decl":{"start":{"line":2,"column":0},"end":{"line":2,"column":null}},"loc":{"start":{"line":2,"column":0},"end":{"line":63,"column":null}}},"1":{"name":"FakeClient","decl":{"start":{"line":8,"column":2},"end":{"line":8,"column":14}},"loc":{"start":{"line":8,"column":127},"end":{"line":15,"column":3}}},"2":{"name":"(anonymous_2)","decl":{"start":{"line":10,"column":24},"end":{"line":10,"column":25}},"loc":{"start":{"line":10,"column":42},"end":{"line":12,"column":5}}},"3":{"name":"(anonymous_3)","decl":{"start":{"line":17,"column":2},"end":{"line":17,"column":9}},"loc":{"start":{"line":17,"column":39},"end":{"line":24,"column":3}}},"4":{"name":"(anonymous_4)","decl":{"start":{"line":17,"column":10},"end":{"line":17,"column":38}},"loc":{"start":{"line":17,"column":10},"end":{"line":17,"column":39}}},"5":{"name":"(anonymous_5)","decl":{"start":{"line":18,"column":23},"end":{"line":18,"column":30}},"loc":{"start":{"line":18,"column":30},"end":{"line":23,"column":5}}},"6":{"name":"(anonymous_6)","decl":{"start":{"line":19,"column":23},"end":{"line":19,"column":null}},"loc":{"start":{"line":19,"column":23},"end":{"line":22,"column":7}}},"7":{"name":"(anonymous_7)","decl":{"start":{"line":26,"column":2},"end":{"line":26,"column":8}},"loc":{"start":{"line":26,"column":2},"end":{"line":28,"column":3}}},"8":{"name":"(anonymous_8)","decl":{"start":{"line":30,"column":2},"end":{"line":30,"column":16}},"loc":{"start":{"line":30,"column":2},"end":{"line":39,"column":3}}},"9":{"name":"(anonymous_9)","decl":{"start":{"line":31,"column":23},"end":{"line":31,"column":30}},"loc":{"start":{"line":31,"column":30},"end":{"line":38,"column":5}}},"10":{"name":"(anonymous_10)","decl":{"start":{"line":33,"column":23},"end":{"line":33,"column":24}},"loc":{"start":{"line":33,"column":41},"end":{"line":37,"column":7}}},"11":{"name":"(anonymous_11)","decl":{"start":{"line":41,"column":2},"end":{"line":41,"column":11}},"loc":{"start":{"line":41,"column":29},"end":{"line":43,"column":3}}},"12":{"name":"(anonymous_12)","decl":{"start":{"line":45,"column":2},"end":{"line":45,"column":6}},"loc":{"start":{"line":45,"column":22},"end":{"line":47,"column":3}}},"13":{"name":"(anonymous_13)","decl":{"start":{"line":51,"column":2},"end":{"line":51,"column":13}},"loc":{"start":{"line":51,"column":44},"end":{"line":62,"column":3}}}},"branchMap":{"0":{"loc":{"start":{"line":17,"column":10},"end":{"line":17,"column":null}},"type":"if","locations":[{"start":{"line":17,"column":10},"end":{"line":17,"column":null}},{"start":{"line":17,"column":10},"end":{"line":17,"column":null}}]}},"s":{"0":3,"1":3,"2":15,"3":15,"4":15,"5":15,"6":15,"7":9,"8":15,"9":3,"10":14,"11":28,"12":14,"13":14,"14":14,"15":14,"16":3,"17":0,"18":3,"19":3,"20":3,"21":3,"22":3,"23":3,"24":3,"25":3,"26":3,"27":3,"28":3,"29":3,"30":2,"31":2,"32":2,"33":3},"f":{"0":3,"1":15,"2":9,"3":14,"4":14,"5":14,"6":14,"7":0,"8":3,"9":3,"10":3,"11":0,"12":3,"13":2},"b":{"0":[14,0]}}
}
