TN:
SF:client.js
FN:3,(anonymous_0)
FN:4,Client
FN:11,(anonymous_2)
FN:16,(anonymous_3)
FN:23,(anonymous_4)
FN:34,(anonymous_5)
FNF:6
FNH:6
FNDA:4,(anonymous_0)
FNDA:20,Client
FNDA:1,(anonymous_2)
FNDA:38,(anonymous_3)
FNDA:13,(anonymous_4)
FNDA:8,(anonymous_5)
DA:2,4
DA:3,4
DA:5,20
DA:6,20
DA:7,20
DA:8,20
DA:9,20
DA:11,4
DA:13,1
DA:15,4
DA:18,38
DA:19,20
DA:21,18
DA:24,13
DA:25,6
DA:28,7
DA:34,4
DA:35,8
DA:36,23
DA:37,23
DA:40,4
DA:41,4
DA:43,4
LF:23
LH:23
BRDA:13,0,0,0
BRDA:13,0,1,1
BRDA:13,1,0,1
BRDA:13,1,1,1
BRDA:18,2,0,20
BRDA:18,2,1,18
BRDA:19,3,0,18
BRDA:19,3,1,2
BRDA:19,4,0,20
BRDA:19,4,1,20
BRDA:21,5,0,15
BRDA:21,5,1,3
BRDA:21,6,0,18
BRDA:21,6,1,18
BRDA:24,7,0,6
BRDA:24,7,1,7
BRF:16
BRH:15
end_of_record
TN:
SF:index.js
FN:2,(anonymous_0)
FN:3,(anonymous_1)
FN:5,(anonymous_2)
FN:6,(anonymous_3)
FN:9,(anonymous_4)
FN:11,__
FN:15,(anonymous_6)
FN:25,(anonymous_7)
FN:28,BuzzerServer
FN:39,(anonymous_9)
FN:45,(anonymous_10)
FN:47,(anonymous_11)
FN:55,(anonymous_12)
FN:56,(anonymous_13)
FN:63,(anonymous_14)
FN:79,(anonymous_15)
FN:80,(anonymous_16)
FN:81,(anonymous_17)
FN:82,(anonymous_18)
FN:83,(anonymous_19)
FN:84,(anonymous_20)
FN:85,(anonymous_21)
FN:86,(anonymous_22)
FN:87,(anonymous_23)
FN:96,(anonymous_24)
FN:112,(anonymous_25)
FN:122,(anonymous_26)
FN:134,(anonymous_27)
FN:143,(anonymous_28)
FN:158,(anonymous_29)
FN:171,(anonymous_30)
FN:190,(anonymous_31)
FN:194,(anonymous_32)
FN:202,(anonymous_33)
FN:224,(anonymous_34)
FN:238,(anonymous_35)
FN:239,(anonymous_36)
FNF:37
FNH:16
FNDA:1,(anonymous_0)
FNDA:1,(anonymous_1)
FNDA:0,(anonymous_2)
FNDA:0,(anonymous_3)
FNDA:1,(anonymous_4)
FNDA:1,__
FNDA:2,(anonymous_6)
FNDA:1,(anonymous_7)
FNDA:2,BuzzerServer
FNDA:1,(anonymous_9)
FNDA:0,(anonymous_10)
FNDA:0,(anonymous_11)
FNDA:3,(anonymous_12)
FNDA:4,(anonymous_13)
FNDA:1,(anonymous_14)
FNDA:1,(anonymous_15)
FNDA:0,(anonymous_16)
FNDA:0,(anonymous_17)
FNDA:0,(anonymous_18)
FNDA:0,(anonymous_19)
FNDA:0,(anonymous_20)
FNDA:0,(anonymous_21)
FNDA:0,(anonymous_22)
FNDA:0,(anonymous_23)
FNDA:0,(anonymous_24)
FNDA:0,(anonymous_25)
FNDA:0,(anonymous_26)
FNDA:0,(anonymous_27)
FNDA:0,(anonymous_28)
FNDA:0,(anonymous_29)
FNDA:0,(anonymous_30)
FNDA:1,(anonymous_31)
FNDA:1,(anonymous_32)
FNDA:0,(anonymous_33)
FNDA:0,(anonymous_34)
FNDA:1,(anonymous_35)
FNDA:1,(anonymous_36)
DA:2,1
DA:3,1
DA:4,1
DA:5,0
DA:6,0
DA:7,1
DA:9,1
DA:10,1
DA:11,1
DA:12,1
DA:15,1
DA:16,2
DA:18,1
DA:19,1
DA:20,1
DA:21,1
DA:25,1
DA:26,1
DA:29,2
DA:30,2
DA:31,2
DA:32,2
DA:33,2
DA:39,1
DA:40,1
DA:45,1
DA:46,0
DA:47,0
DA:48,0
DA:55,1
DA:56,4
DA:63,1
DA:64,1
DA:65,1
DA:66,1
DA:67,1
DA:68,1
DA:69,0
DA:70,0
DA:72,1
DA:73,0
DA:74,0
DA:76,1
DA:77,1
DA:78,1
DA:79,1
DA:80,0
DA:81,0
DA:82,0
DA:83,0
DA:84,0
DA:85,0
DA:86,0
DA:87,0
DA:89,1
DA:90,1
DA:93,0
DA:96,1
DA:97,0
DA:98,0
DA:99,0
DA:100,0
DA:101,0
DA:102,0
DA:103,0
DA:112,1
DA:113,0
DA:114,0
DA:115,0
DA:122,1
DA:124,0
DA:125,0
DA:126,0
DA:134,1
DA:135,0
DA:136,0
DA:143,1
DA:146,0
DA:147,0
DA:148,0
DA:149,0
DA:158,1
DA:160,0
DA:162,0
DA:164,0
DA:171,1
DA:172,0
DA:173,0
DA:175,0
DA:176,0
DA:177,0
DA:180,0
DA:190,1
DA:192,1
DA:194,1
DA:195,0
DA:196,0
DA:198,1
DA:199,1
DA:200,1
DA:201,1
DA:202,0
DA:203,0
DA:204,0
DA:208,1
DA:210,1
DA:211,0
DA:215,1
DA:218,1
DA:224,1
DA:225,0
DA:226,0
DA:227,0
DA:228,0
DA:229,0
DA:230,0
DA:231,0
DA:232,0
DA:233,0
DA:238,1
DA:239,1
DA:240,1
DA:245,1
DA:249,1
DA:251,1
DA:252,1
LF:126
LH:65
BRDA:2,0,0,1
BRDA:2,0,1,1
BRDA:2,0,2,1
BRDA:4,1,0,1
BRDA:4,1,1,0
BRDA:4,1,2,0
BRDA:4,1,3,0
BRDA:6,2,0,0
BRDA:6,2,1,0
BRDA:12,3,0,0
BRDA:12,3,1,1
BRDA:15,4,0,1
BRDA:15,4,1,1
BRDA:15,4,2,1
BRDA:16,5,0,2
BRDA:16,5,1,0
BRDA:16,6,0,2
BRDA:16,6,1,2
BRDA:29,7,0,2
BRDA:29,7,1,2
BRDA:47,8,0,0
BRDA:47,8,1,0
BRDA:47,9,0,0
BRDA:47,9,1,0
BRDA:68,10,0,0
BRDA:68,10,1,1
BRDA:72,11,0,0
BRDA:72,11,1,1
BRDA:89,12,0,1
BRDA:89,12,1,0
BRDA:100,13,0,0
BRDA:100,13,1,0
BRDA:125,14,0,0
BRDA:125,14,1,0
BRDA:125,15,0,0
BRDA:125,15,1,0
BRDA:125,16,0,0
BRDA:125,16,1,0
BRDA:125,17,0,0
BRDA:125,17,1,0
BRDA:146,18,0,0
BRDA:146,18,1,0
BRDA:146,19,0,0
BRDA:146,19,1,0
BRDA:146,20,0,0
BRDA:146,20,1,0
BRDA:160,21,0,0
BRDA:160,21,1,0
BRDA:160,22,0,0
BRDA:160,22,1,0
BRDA:162,23,0,0
BRDA:162,23,1,0
BRDA:162,24,0,0
BRDA:162,24,1,0
BRDA:162,25,0,0
BRDA:162,25,1,0
BRDA:162,26,0,0
BRDA:162,26,1,0
BRDA:172,27,0,0
BRDA:172,27,1,0
BRDA:176,28,0,0
BRDA:176,28,1,0
BRDA:194,29,0,0
BRDA:194,29,1,1
BRDA:195,30,0,0
BRDA:195,30,1,0
BRDA:195,31,0,0
BRDA:195,31,1,0
BRDA:201,32,0,0
BRDA:201,32,1,1
BRDA:210,33,0,0
BRDA:210,33,1,1
BRDA:225,34,0,0
BRDA:225,34,1,0
BRDA:225,35,0,0
BRDA:225,35,1,0
BRDA:228,36,0,0
BRDA:228,36,1,0
BRDA:229,37,0,0
BRDA:229,37,1,0
BRDA:229,38,0,0
BRDA:229,38,1,0
BRDA:231,39,0,0
BRDA:231,39,1,0
BRF:84
BRH:19
end_of_record
TN:
SF:server.js
FN:2,(anonymous_0)
FN:9,(anonymous_1)
FN:16,(anonymous_2)
FN:17,WSServer
FN:20,(anonymous_4)
FN:22,(anonymous_5)
FN:23,(anonymous_6)
FN:28,(anonymous_7)
FN:36,(anonymous_8)
FN:45,(anonymous_9)
FN:50,(anonymous_10)
FN:50,(anonymous_11)
FN:61,(anonymous_12)
FN:82,(anonymous_13)
FN:90,(anonymous_14)
FN:91,(anonymous_15)
FN:98,(anonymous_16)
FN:106,(anonymous_17)
FN:107,(anonymous_18)
FN:113,(anonymous_19)
FN:121,(anonymous_20)
FN:128,(anonymous_21)
FN:138,(anonymous_22)
FN:141,(anonymous_23)
FN:150,(anonymous_24)
FN:152,(anonymous_25)
FN:154,(anonymous_26)
FNF:27
FNH:25
FNDA:45,(anonymous_0)
FNDA:3,(anonymous_1)
FNDA:3,(anonymous_2)
FNDA:8,WSServer
FNDA:7,(anonymous_4)
FNDA:7,(anonymous_5)
FNDA:0,(anonymous_6)
FNDA:7,(anonymous_7)
FNDA:14,(anonymous_8)
FNDA:2,(anonymous_9)
FNDA:4,(anonymous_10)
FNDA:4,(anonymous_11)
FNDA:8,(anonymous_12)
FNDA:5,(anonymous_13)
FNDA:2,(anonymous_14)
FNDA:2,(anonymous_15)
FNDA:4,(anonymous_16)
FNDA:1,(anonymous_17)
FNDA:1,(anonymous_18)
FNDA:1,(anonymous_19)
FNDA:45,(anonymous_20)
FNDA:14,(anonymous_21)
FNDA:3,(anonymous_22)
FNDA:10,(anonymous_23)
FNDA:13,(anonymous_24)
FNDA:10,(anonymous_25)
FNDA:0,(anonymous_26)
DA:2,3
DA:3,90
DA:4,45
DA:5,90
DA:6,162
DA:7,45
DA:9,3
DA:10,3
DA:12,3
DA:13,3
DA:14,3
DA:15,3
DA:16,3
DA:18,8
DA:20,3
DA:21,7
DA:22,7
DA:23,7
DA:24,0
DA:25,0
DA:26,0
DA:28,7
DA:29,7
DA:30,7
DA:32,7
DA:36,14
DA:45,3
DA:46,2
DA:48,2
DA:49,2
DA:50,4
DA:51,4
DA:53,2
DA:61,3
DA:62,8
DA:73,8
DA:74,8
DA:75,8
DA:76,8
DA:82,3
DA:83,5
DA:90,3
DA:91,2
DA:98,3
DA:99,4
DA:106,3
DA:107,1
DA:113,3
DA:114,1
DA:121,3
DA:122,45
DA:123,45
DA:124,72
DA:126,45
DA:128,3
DA:129,14
DA:130,14
DA:131,0
DA:132,0
DA:133,0
DA:135,14
DA:136,14
DA:137,14
DA:138,14
DA:139,3
DA:141,14
DA:142,10
DA:144,14
DA:145,14
DA:146,14
DA:147,14
DA:150,3
DA:152,3
DA:154,3
DA:155,3
DA:157,3
LF:76
LH:70
BRDA:2,0,0,3
BRDA:2,0,1,3
BRDA:2,0,2,3
BRDA:9,1,0,3
BRDA:9,1,1,3
BRDA:9,1,2,3
BRDA:10,2,0,3
BRDA:10,2,1,0
BRDA:10,3,0,3
BRDA:10,3,1,3
BRDA:28,4,0,7
BRDA:28,4,1,7
BRDA:29,5,0,7
BRDA:29,5,1,7
BRDA:48,6,0,2
BRDA:48,6,1,0
BRDA:50,7,0,0
BRDA:50,7,1,2
BRDA:50,8,0,2
BRDA:50,8,1,2
BRDA:50,9,0,4
BRDA:50,9,1,0
BRDA:83,10,0,0
BRDA:83,10,1,5
BRDA:83,11,0,5
BRDA:83,11,1,5
BRDA:130,12,0,0
BRDA:130,12,1,14
BRDA:130,13,0,14
BRDA:130,13,1,0
BRF:30
BRH:23
end_of_record
TN:
SF:types.js
FN:5,(anonymous_0)
FN:17,(anonymous_1)
FNF:2
FNH:2
FNDA:1,(anonymous_0)
FNDA:1,(anonymous_1)
DA:2,1
DA:3,1
DA:5,1
DA:6,1
DA:7,1
DA:8,1
DA:9,1
DA:10,1
DA:11,1
DA:12,1
DA:13,1
DA:14,1
DA:17,1
DA:18,1
DA:19,1
DA:20,1
DA:21,1
DA:22,1
DA:23,1
DA:24,1
DA:25,1
DA:26,1
LF:22
LH:22
BRDA:15,0,0,1
BRDA:15,0,1,1
BRDA:27,1,0,1
BRDA:27,1,1,1
BRF:4
BRH:4
end_of_record
TN:
SF:test/FakeClient.ts
FN:2,(anonymous_0)
FN:8,FakeClient
FN:10,(anonymous_2)
FN:17,(anonymous_3)
FN:17,(anonymous_4)
FN:18,(anonymous_5)
FN:19,(anonymous_6)
FN:26,(anonymous_7)
FN:30,(anonymous_8)
FN:31,(anonymous_9)
FN:33,(anonymous_10)
FN:41,(anonymous_11)
FN:45,(anonymous_12)
FN:51,(anonymous_13)
FNF:14
FNH:12
FNDA:3,(anonymous_0)
FNDA:15,FakeClient
FNDA:9,(anonymous_2)
FNDA:14,(anonymous_3)
FNDA:14,(anonymous_4)
FNDA:14,(anonymous_5)
FNDA:14,(anonymous_6)
FNDA:0,(anonymous_7)
FNDA:3,(anonymous_8)
FNDA:3,(anonymous_9)
FNDA:3,(anonymous_10)
FNDA:0,(anonymous_11)
FNDA:3,(anonymous_12)
FNDA:2,(anonymous_13)
DA:1,3
DA:2,3
DA:3,15
DA:5,15
DA:8,15
DA:9,15
DA:10,15
DA:11,9
DA:14,15
DA:17,28
DA:18,14
DA:19,14
DA:20,14
DA:21,14
DA:26,3
DA:27,0
DA:30,3
DA:31,3
DA:32,3
DA:33,3
DA:34,3
DA:35,3
DA:36,3
DA:41,3
DA:45,3
DA:46,3
DA:51,3
DA:52,2
DA:59,2
DA:61,2
DA:63,3
LF:31
LH:30
BRDA:17,0,0,14
BRDA:17,0,1,0
BRF:2
BRH:1
end_of_record
